request:publickey
2585629:953
init:keyexchange
1367:5:549
1090
110010000000010000000111010110101101001111000010001011101010101011110011110010000000111010010110011111100011000010110010000101001000010001010011110000111000110010001101011111100011000100100101101101100001100011010110
110100111010101111100100101001111011011110111101101001111011101110111111001011101010111010001000101111110111110001101101001010110010100011100110
001010101100111100000111110000111000000000011100110000111000100100110101
111101110011000011000110010111001001010100100101
110011111100010000000111010110101101001111000010001011101010101011110011110010000000100111000100100011100001010101010100011000011010111000010001100001100000000111111001010011011001100010100001000100001001100011010110
request:publickey
2585629:953
init:keyexchange
6899:2:3165
4703
001001101100111100011111011001111101010010010101011011001000111110101000001001101100001010101011000010110100101011001100111001111111000000110100011100101111011000110011000010110100111111000011111111011001111001001011
011011100000101111110100100001110010010111110111100001110010010100011000011011001000010111101011001001110011011110110100000110011111001001101011
011100101111010011011110011100101111111001001011
011010100000111110011101000111001010111001001011
101111011010111100011111011001111101010010010101011011001000111110101000001001101100110011000000101110000000001011110110101011100111100111001111101010100011100110110011111001100011101101000110010110000010111001001011
101111000101111111110011
101101101010010000110011001100011110001111101010000011111100101111000000000011111100010111001111000011001001111010110101101011100111010101010011010010101000100001101010100111110010011010000100001001110011011100101000001110010001111001001011
